INFO  2022-06-12T10:03:18.557 ThreadId(10) [1P:op-settings/src/store/json_store.rs:50] Settings file "/home/$USER/.config/1Password/settings/settings.json" missing, using defaults.
INFO  2022-06-12T10:03:18.559 ThreadId(10) [client:typescript] Client starting.
ERROR 2022-06-12T10:03:18.698 ThreadId(10) [1P:ffi/core-node/src/lib.rs:781] Failed to load crash reports from disk: Os { code: 2, kind: NotFound, message: "No such file or directory" }
INFO  2022-06-12T10:03:18.700 ThreadId(10) [1P:op-localization/src/lib.rs:234] system locale detected as 'en_US'
INFO  2022-06-12T10:03:18.700 ThreadId(10) [1P:op-localization/src/lib.rs:260] selected translations for EN_US based on detected locale en-US
INFO  2022-06-12T10:03:18.700 ThreadId(10) [status:op-app/src/app.rs:325] App::new(1Password for Linux/80701002 (EN_US), /home/$USER/.config/1Password/1password.sqlite)
INFO  2022-06-12T10:03:18.700 tokio-runtime-worker(ThreadId(2)) [1P:native-messaging/op-native-core-integration/src/lib.rs:281] Starting IPC listener on 1Password-BrowserSupport
INFO  2022-06-12T10:03:18.700 tokio-runtime-worker(ThreadId(6)) [1P:native-messaging/op-native-core-integration/src/lib.rs:293] Active native core integration is awaiting messages
INFO  2022-06-12T10:03:18.705 ThreadId(10) [1P:op-db/src/db.rs:120] Starting DB at version: 0
INFO  2022-06-12T10:03:18.705 ThreadId(10) [1P:op-db/src/db.rs:128] Database is being created at '/home/$USER/.config/1Password/1password.sqlite' (sqlite: 3035004)
INFO  2022-06-12T10:03:18.709 ThreadId(10) [1P:op-db/src/db.rs:386] Updated DB Schema to version 001
INFO  2022-06-12T10:03:18.715 ThreadId(10) [1P:op-db/src/db.rs:407] Updated DB Schema to version 002
INFO  2022-06-12T10:03:18.718 ThreadId(10) [1P:op-db/src/db.rs:418] Updated DB Schema to version 003
INFO  2022-06-12T10:03:18.722 ThreadId(10) [1P:op-db/src/db.rs:433] Updated DB Schema to version 005
INFO  2022-06-12T10:03:18.725 ThreadId(10) [1P:op-db/src/db.rs:448] Updated DB Schema to version 006
INFO  2022-06-12T10:03:18.728 ThreadId(10) [1P:op-db/src/db.rs:461] Updated DB Schema to version 007
INFO  2022-06-12T10:03:18.730 ThreadId(10) [1P:op-db/src/db.rs:474] Updated DB Schema to version 008
INFO  2022-06-12T10:03:18.734 ThreadId(10) [1P:op-db/src/db.rs:487] Updated DB Schema to version 009
INFO  2022-06-12T10:03:18.737 ThreadId(10) [1P:op-db/src/db.rs:500] Updated DB Schema to version 011
INFO  2022-06-12T10:03:18.737 ThreadId(10) [1P:op-db/src/db.rs:514] Updated DB Schema to version 012
INFO  2022-06-12T10:03:18.741 ThreadId(10) [1P:op-db/src/db.rs:527] Updated DB Schema to version 013
INFO  2022-06-12T10:03:18.744 ThreadId(10) [1P:op-db/src/db.rs:540] Updated DB Schema to version 014
INFO  2022-06-12T10:03:18.747 ThreadId(10) [1P:op-db/src/db.rs:553] Updated DB Schema to version 015
INFO  2022-06-12T10:03:18.752 ThreadId(10) [1P:op-db/src/db.rs:566] Updated DB Schema to version 016
INFO  2022-06-12T10:03:18.758 ThreadId(10) [1P:op-db/src/db.rs:579] Updated DB Schema to version 017
INFO  2022-06-12T10:03:18.764 ThreadId(10) [1P:op-db/src/db.rs:592] Updated DB Schema to version 018
INFO  2022-06-12T10:03:18.768 ThreadId(10) [1P:op-db/src/db.rs:605] Updated DB Schema to version 019
INFO  2022-06-12T10:03:18.776 ThreadId(10) [1P:op-db/src/db.rs:717] Updated DB Schema to version 021
INFO  2022-06-12T10:03:18.780 ThreadId(10) [1P:op-db/src/db.rs:730] Updated DB Schema to version 022
INFO  2022-06-12T10:03:18.786 ThreadId(10) [1P:op-db/src/db.rs:743] Updated DB Schema to version 023
INFO  2022-06-12T10:03:18.790 ThreadId(10) [1P:op-db/src/db.rs:756] Updated DB Schema to version 024
ERROR 2022-06-12T10:03:18.799 ThreadId(10) [1P:ssh/op-ssh-config/src/lib.rs:153] Could not open ssh config file in ~/.ssh/config
ERROR 2022-06-12T10:03:18.799 ThreadId(10) [1P:ffi/core-node/src/lib.rs:65] Attempted to notify uninitialized App
ERROR 2022-06-12T10:03:18.799 ThreadId(10) [1P:/builds/dev/core/core/ssh/op-ssh-config/src/lib.rs:140] Failed to start ssh config file watcher: Io(Os { code: 2, kind: NotFound, message: "No such file or directory" })
INFO  2022-06-12T10:03:18.802 op_executor:invocation_loop(ThreadId(15)) [1P:native-messaging/op-nm-installer/src/nix_utils.rs:48] Creating manifest directory for Chromium at /home/$USER/.config/google-chrome/NativeMessagingHosts
INFO  2022-06-12T10:03:18.803 op_executor:invocation_loop(ThreadId(15)) [1P:native-messaging/op-nm-installer/src/nix_utils.rs:68] Created NMH manifest at /home/$USER/.config/google-chrome/NativeMessagingHosts/com.1password.1password.json
INFO  2022-06-12T10:03:18.803 op_executor:invocation_loop(ThreadId(15)) [1P:native-messaging/op-nm-installer/src/nix_utils.rs:48] Creating manifest directory for Chromium at /home/$USER/.config/google-chrome-beta/NativeMessagingHosts
INFO  2022-06-12T10:03:18.803 op_executor:invocation_loop(ThreadId(15)) [1P:native-messaging/op-nm-installer/src/nix_utils.rs:68] Created NMH manifest at /home/$USER/.config/google-chrome-beta/NativeMessagingHosts/com.1password.1password.json
INFO  2022-06-12T10:03:18.803 op_executor:invocation_loop(ThreadId(15)) [1P:native-messaging/op-nm-installer/src/nix_utils.rs:48] Creating manifest directory for Chromium at /home/$USER/.config/google-chrome-unstable/NativeMessagingHosts
INFO  2022-06-12T10:03:18.803 op_executor:invocation_loop(ThreadId(15)) [1P:native-messaging/op-nm-installer/src/nix_utils.rs:68] Created NMH manifest at /home/$USER/.config/google-chrome-unstable/NativeMessagingHosts/com.1password.1password.json
INFO  2022-06-12T10:03:18.803 op_executor:invocation_loop(ThreadId(15)) [1P:native-messaging/op-nm-installer/src/nix_utils.rs:48] Creating manifest directory for Chromium at /home/$USER/.config/chromium/NativeMessagingHosts
INFO  2022-06-12T10:03:18.803 op_executor:invocation_loop(ThreadId(15)) [1P:native-messaging/op-nm-installer/src/nix_utils.rs:68] Created NMH manifest at /home/$USER/.config/chromium/NativeMessagingHosts/com.1password.1password.json
INFO  2022-06-12T10:03:18.803 op_executor:invocation_loop(ThreadId(15)) [1P:native-messaging/op-nm-installer/src/nix_utils.rs:48] Creating manifest directory for Chromium at /home/$USER/.config/microsoft-edge-dev/NativeMessagingHosts
INFO  2022-06-12T10:03:18.803 op_executor:invocation_loop(ThreadId(15)) [1P:native-messaging/op-nm-installer/src/nix_utils.rs:68] Created NMH manifest at /home/$USER/.config/microsoft-edge-dev/NativeMessagingHosts/com.1password.1password.json
INFO  2022-06-12T10:03:18.803 op_executor:invocation_loop(ThreadId(15)) [1P:native-messaging/op-nm-installer/src/nix_utils.rs:48] Creating manifest directory for Chromium at /home/$USER/.config/BraveSoftware/Brave-Browser/NativeMessagingHosts
INFO  2022-06-12T10:03:18.804 op_executor:invocation_loop(ThreadId(15)) [1P:native-messaging/op-nm-installer/src/nix_utils.rs:68] Created NMH manifest at /home/$USER/.config/BraveSoftware/Brave-Browser/NativeMessagingHosts/com.1password.1password.json
INFO  2022-06-12T10:03:18.804 op_executor:invocation_loop(ThreadId(15)) [1P:native-messaging/op-nm-installer/src/nix_utils.rs:48] Creating manifest directory for Chromium at /home/$USER/.config/vivaldi/NativeMessagingHosts
INFO  2022-06-12T10:03:18.804 op_executor:invocation_loop(ThreadId(15)) [1P:native-messaging/op-nm-installer/src/nix_utils.rs:68] Created NMH manifest at /home/$USER/.config/vivaldi/NativeMessagingHosts/com.1password.1password.json
INFO  2022-06-12T10:03:18.804 op_executor:invocation_loop(ThreadId(15)) [1P:native-messaging/op-nm-installer/src/nix_utils.rs:48] Creating manifest directory for Chromium at /home/$USER/.config/vivaldi-snapshot/NativeMessagingHosts
INFO  2022-06-12T10:03:18.804 op_executor:invocation_loop(ThreadId(15)) [1P:native-messaging/op-nm-installer/src/nix_utils.rs:68] Created NMH manifest at /home/$USER/.config/vivaldi-snapshot/NativeMessagingHosts/com.1password.1password.json
INFO  2022-06-12T10:03:18.804 op_executor:invocation_loop(ThreadId(15)) [1P:native-messaging/op-nm-installer/src/nix_utils.rs:68] Created NMH manifest at /home/$USER/.mozilla/native-messaging-hosts/com.1password.1password.json
INFO  2022-06-12T10:03:18.804 op_executor:invocation_loop(ThreadId(15)) [1P:native-messaging/op-nm-installer/src/nix_utils.rs:83] Successfully installed all native messaging manifests.
INFO  2022-06-12T10:03:18.813 tokio-runtime-worker(ThreadId(4)) [1P:op-settings/src/store/json_store.rs:50] Settings file "/home/$USER/.config/1Password/settings/settings.json" missing, using defaults.
INFO  2022-06-12T10:03:19.724 tokio-runtime-worker(ThreadId(1)) [1P:native-messaging/op-native-core-integration/src/lib.rs:305] Extension connecting.
INFO  2022-06-12T10:03:19.724 tokio-runtime-worker(ThreadId(1)) [1P:native-messaging/op-native-core-integration/src/lib.rs:307] Extension connection accepted.
INFO  2022-06-12T10:03:44.913 tokio-runtime-worker(ThreadId(1)) [1P:op-b5-client/src/internal/unauthorized_session.rs:159] Registered device 4cznbkg75qx3y2qxtyy27e4lvi
INFO  2022-06-12T10:03:46.522 tokio-runtime-worker(ThreadId(5)) [1P:op-syncer/src/sync_job.rs:285] synced account LCMCB7YVBBFTXKUVLE6274GOCQ (1.277727963s)
INFO  2022-06-12T10:03:46.583 tokio-runtime-worker(ThreadId(1)) [1P:op-data-layer/src/load.rs:136] loaded 245 items in 5 vaults for account: LCMCB7YVBBFTXKUVLE6274GOCQ
INFO  2022-06-12T10:03:46.586 op_executor:invocation_loop(ThreadId(15)) [1P:op-app/src/app/backend/unlock.rs:83] Lock state changed: Unlocked
INFO  2022-06-12T10:03:46.594 tokio-runtime-worker(ThreadId(4)) [1P:op-app/src/app/backend/signin.rs:479] cancelling a sign in session
INFO  2022-06-12T10:03:46.644 tokio-runtime-worker(ThreadId(5)) [1P:op-syncer/src/sync_job.rs:285] synced account LCMCB7YVBBFTXKUVLE6274GOCQ (0.057164636s)
INFO  2022-06-12T10:03:46.644 tokio-runtime-worker(ThreadId(5)) [1P:op-data-layer/src/file.rs:597] find_and_complete_pending_uploads: 'LCMCB7YVBBFTXKUVLE6274GOCQ'
INFO  2022-06-12T10:03:46.665 tokio-runtime-worker(ThreadId(1)) [1P:op-data-layer/src/sync.rs:529] The B5 Notifier for (LCMCB7YVBBFTXKUVLE6274GOCQ) has connected, now monitoring for events.
INFO  2022-06-12T10:03:51.468 ThreadId(10) [client:typescript] Settings file changed.
ERROR 2022-06-12T10:23:46.166 tokio-runtime-worker(ThreadId(4)) [1P:native-messaging/op-native-core-integration/src/connection_handler.rs:60] message from b5x was None: EndConnection
ERROR 2022-06-12T10:23:46.166 tokio-runtime-worker(ThreadId(4)) [1P:native-messaging/op-native-core-integration/src/connection_handler.rs:31] Dropping connection with b5x due to error handling incoming message: EndConnection
INFO  2022-06-12T10:23:49.877 op_executor:invocation_loop(ThreadId(15)) [1P:op-app/src/app/backend/frontend.rs:24] Front end event: window closed
INFO  2022-06-12T10:23:49.886 op_executor:invocation_loop(ThreadId(15)) [1P:op-app/src/app/backend/frontend.rs:62] Front end event: app will quit
ERROR 2022-06-12T10:23:49.892 ThreadId(23) [1P:op-auto-lock/src/linux.rs:397] A Connection Error ocurred: XcbConnectionError
ERROR 2022-06-12T10:23:49.892 ThreadId(23) [1P:op-auto-lock/src/linux.rs:397] A Connection Error ocurred: XcbConnectionError
ERROR 2022-06-12T10:23:49.892 ThreadId(23) [1P:op-auto-lock/src/linux.rs:397] A Connection Error ocurred: XcbConnectionError
