INFO  2022-06-13T21:02:01.130 ThreadId(10) [client:typescript] Client starting.
INFO  2022-06-13T21:02:01.247 ThreadId(10) [1P:op-localization/src/lib.rs:234] system locale detected as 'en_US'
INFO  2022-06-13T21:02:01.247 ThreadId(10) [1P:op-localization/src/lib.rs:260] selected translations for EN_US based on detected locale en-US
INFO  2022-06-13T21:02:01.247 tokio-runtime-worker(ThreadId(3)) [1P:native-messaging/op-native-core-integration/src/lib.rs:281] Starting IPC listener on 1Password-BrowserSupport
INFO  2022-06-13T21:02:01.247 tokio-runtime-worker(ThreadId(5)) [1P:native-messaging/op-native-core-integration/src/lib.rs:293] Active native core integration is awaiting messages
INFO  2022-06-13T21:02:01.247 ThreadId(10) [status:op-app/src/app.rs:325] App::new(1Password for Linux/80701002 (EN_US), /home/$USER/.config/1Password/1password.sqlite)
INFO  2022-06-13T21:02:01.253 ThreadId(10) [1P:op-db/src/db.rs:120] Starting DB at version: 24
ERROR 2022-06-13T21:02:01.267 ThreadId(10) [1P:ssh/op-ssh-config/src/lib.rs:153] Could not open ssh config file in ~/.ssh/config
ERROR 2022-06-13T21:02:01.267 ThreadId(10) [1P:ffi/core-node/src/lib.rs:65] Attempted to notify uninitialized App
ERROR 2022-06-13T21:02:01.267 ThreadId(10) [1P:/builds/dev/core/core/ssh/op-ssh-config/src/lib.rs:140] Failed to start ssh config file watcher: Io(Os { code: 2, kind: NotFound, message: "No such file or directory" })
INFO  2022-06-13T21:02:01.270 op_executor:invocation_loop(ThreadId(15)) [1P:native-messaging/op-nm-installer/src/nix_utils.rs:68] Created NMH manifest at /home/$USER/.config/google-chrome/NativeMessagingHosts/com.1password.1password.json
INFO  2022-06-13T21:02:01.270 op_executor:invocation_loop(ThreadId(15)) [1P:native-messaging/op-nm-installer/src/nix_utils.rs:68] Created NMH manifest at /home/$USER/.config/google-chrome-beta/NativeMessagingHosts/com.1password.1password.json
INFO  2022-06-13T21:02:01.271 op_executor:invocation_loop(ThreadId(15)) [1P:native-messaging/op-nm-installer/src/nix_utils.rs:68] Created NMH manifest at /home/$USER/.config/google-chrome-unstable/NativeMessagingHosts/com.1password.1password.json
INFO  2022-06-13T21:02:01.271 op_executor:invocation_loop(ThreadId(15)) [1P:native-messaging/op-nm-installer/src/nix_utils.rs:68] Created NMH manifest at /home/$USER/.config/chromium/NativeMessagingHosts/com.1password.1password.json
INFO  2022-06-13T21:02:01.271 op_executor:invocation_loop(ThreadId(15)) [1P:native-messaging/op-nm-installer/src/nix_utils.rs:68] Created NMH manifest at /home/$USER/.config/microsoft-edge-dev/NativeMessagingHosts/com.1password.1password.json
INFO  2022-06-13T21:02:01.272 op_executor:invocation_loop(ThreadId(15)) [1P:native-messaging/op-nm-installer/src/nix_utils.rs:68] Created NMH manifest at /home/$USER/.config/BraveSoftware/Brave-Browser/NativeMessagingHosts/com.1password.1password.json
INFO  2022-06-13T21:02:01.272 op_executor:invocation_loop(ThreadId(15)) [1P:native-messaging/op-nm-installer/src/nix_utils.rs:68] Created NMH manifest at /home/$USER/.config/vivaldi/NativeMessagingHosts/com.1password.1password.json
INFO  2022-06-13T21:02:01.272 op_executor:invocation_loop(ThreadId(15)) [1P:native-messaging/op-nm-installer/src/nix_utils.rs:68] Created NMH manifest at /home/$USER/.config/vivaldi-snapshot/NativeMessagingHosts/com.1password.1password.json
INFO  2022-06-13T21:02:01.273 op_executor:invocation_loop(ThreadId(15)) [1P:native-messaging/op-nm-installer/src/nix_utils.rs:68] Created NMH manifest at /home/$USER/.mozilla/native-messaging-hosts/com.1password.1password.json
INFO  2022-06-13T21:02:01.273 op_executor:invocation_loop(ThreadId(15)) [1P:native-messaging/op-nm-installer/src/nix_utils.rs:83] Successfully installed all native messaging manifests.
ERROR 2022-06-13T21:02:09.244 tokio-runtime-worker(ThreadId(4)) [1P:/builds/dev/core/core/op-data-layer/src/unlock.rs:150] cannot unlock keychain: UnlockError(CannotUnlockKeychain(DecryptingSymmetricKey(GcmFailedToDecrypt)))
WARN  2022-06-13T21:02:09.244 tokio-runtime-worker(ThreadId(4)) [1P:op-app/src/app/backend/lock_screen.rs:506] the password entered may be incorrect
ERROR 2022-06-13T21:02:09.244 tokio-runtime-worker(ThreadId(4)) [1P:op-app/src/app/backend/lock_screen.rs:507] NoNewAccountsUnlocked([AccountUnlockResult { account_id: 1, status: Locked }])
INFO  2022-06-13T21:02:14.366 tokio-runtime-worker(ThreadId(1)) [1P:op-data-layer/src/load.rs:136] loaded 245 items in 5 vaults for account: LCMCB7YVBBFTXKUVLE6274GOCQ
INFO  2022-06-13T21:02:14.369 op_executor:invocation_loop(ThreadId(15)) [1P:op-app/src/app/backend/unlock.rs:83] Lock state changed: Unlocked
INFO  2022-06-13T21:02:14.899 tokio-runtime-worker(ThreadId(5)) [1P:op-syncer/src/sync_job.rs:285] synced account LCMCB7YVBBFTXKUVLE6274GOCQ (0.051111399s)
INFO  2022-06-13T21:02:14.899 tokio-runtime-worker(ThreadId(5)) [1P:op-data-layer/src/file.rs:597] find_and_complete_pending_uploads: 'LCMCB7YVBBFTXKUVLE6274GOCQ'
INFO  2022-06-13T21:02:14.932 tokio-runtime-worker(ThreadId(3)) [1P:op-data-layer/src/sync.rs:529] The B5 Notifier for (LCMCB7YVBBFTXKUVLE6274GOCQ) has connected, now monitoring for events.
INFO  2022-06-13T21:02:19.099 tokio-runtime-worker(ThreadId(5)) [1P:native-messaging/op-native-core-integration/src/lib.rs:305] Extension connecting.
INFO  2022-06-13T21:02:19.099 tokio-runtime-worker(ThreadId(5)) [1P:native-messaging/op-native-core-integration/src/lib.rs:307] Extension connection accepted.
INFO  2022-06-13T21:26:30.951 op_executor:invocation_loop(ThreadId(15)) [1P:op-app/src/app/backend/lock.rs:73] Lock state changed: Locked
INFO  2022-06-13T21:26:30.951 op_executor:invocation_loop(ThreadId(15)) [1P:op-app/src/app/backend/lock.rs:88] Locked. Reason: Automatic(DeviceLocked).
